[2019-12-28T17:03:24.818] [DEBUG] cheese - login => username:admin,password:123456
[2019-12-28T17:03:24.821] [DEBUG] cheese - admin
[2019-12-28T17:03:24.853] [DEBUG] cheese - null
[2019-12-28T17:03:24.854] [DEBUG] cheese - null
[2019-12-28T17:07:00.255] [DEBUG] cheese - login => username:asd,password:sadasd
[2019-12-28T17:07:00.255] [DEBUG] cheese - asd
[2019-12-28T17:07:00.258] [DEBUG] cheese - null
[2019-12-28T17:07:00.259] [DEBUG] cheese - null
[2019-12-28T17:07:06.557] [DEBUG] cheese - login => username:admin,password:123456
[2019-12-28T17:07:06.558] [DEBUG] cheese - admin
[2019-12-28T17:07:06.560] [DEBUG] cheese - null
[2019-12-28T17:07:06.560] [DEBUG] cheese - null
[2019-12-28T17:10:47.655] [DEBUG] cheese - login => username:321,password:321321
[2019-12-28T17:10:47.655] [DEBUG] cheese - 321
[2019-12-28T17:10:47.658] [DEBUG] cheese - null
[2019-12-28T17:10:47.658] [DEBUG] cheese - null
[2019-12-28T17:10:51.368] [DEBUG] cheese - login => username:admin,password:123456
[2019-12-28T17:10:51.368] [DEBUG] cheese - admin
[2019-12-28T17:10:51.370] [DEBUG] cheese - null
[2019-12-28T17:10:51.371] [DEBUG] cheese - null
[2019-12-28T17:12:02.014] [DEBUG] cheese - login => username:admin,password:123456
[2019-12-28T17:12:02.014] [DEBUG] cheese - admin
[2019-12-28T17:12:02.017] [DEBUG] cheese - null
[2019-12-28T17:12:02.017] [DEBUG] cheese - null
[2019-12-28T17:12:12.098] [DEBUG] cheese - login => username:admin,password:123456
[2019-12-28T17:12:12.098] [DEBUG] cheese - admin
[2019-12-28T17:12:12.101] [DEBUG] cheese - null
[2019-12-28T17:12:12.101] [DEBUG] cheese - null
[2019-12-28T17:12:54.123] [DEBUG] cheese - login => username:admin,password:123456
[2019-12-28T17:12:54.123] [DEBUG] cheese - admin
[2019-12-28T17:12:54.126] [DEBUG] cheese - null
[2019-12-28T17:12:54.126] [DEBUG] cheese - null
[2019-12-28T17:28:09.219] [DEBUG] cheese - login => username:admin,password:123456
[2019-12-28T17:28:09.219] [DEBUG] cheese - admin
[2019-12-28T17:28:09.223] [DEBUG] cheese - null
[2019-12-28T17:28:09.223] [DEBUG] cheese - null
[2019-12-28T17:39:45.047] [DEBUG] cheese - login => username:admin,password:1231456
[2019-12-28T17:39:45.047] [DEBUG] cheese - admin
[2019-12-28T17:39:45.051] [DEBUG] cheese - null
[2019-12-28T17:39:45.051] [DEBUG] cheese - null
[2019-12-28T17:39:48.184] [DEBUG] cheese - login => username:admin,password:21312321
[2019-12-28T17:39:48.184] [DEBUG] cheese - admin
[2019-12-28T17:39:48.186] [DEBUG] cheese - null
[2019-12-28T17:39:48.186] [DEBUG] cheese - null
[2019-12-28T17:39:52.133] [DEBUG] cheese - login => username:admin,password:123457
[2019-12-28T17:39:52.133] [DEBUG] cheese - admin
[2019-12-28T17:39:52.136] [DEBUG] cheese - null
[2019-12-28T17:39:52.136] [DEBUG] cheese - null
[2019-12-28T17:39:54.210] [DEBUG] cheese - login => username:admin,password:123456
[2019-12-28T17:39:54.210] [DEBUG] cheese - admin
[2019-12-28T17:39:54.212] [DEBUG] cheese - null
[2019-12-28T17:39:54.213] [DEBUG] cheese - null
[2019-12-28T18:32:37.811] [DEBUG] cheese - login => username:admin,password:123456
[2019-12-28T18:32:37.811] [DEBUG] cheese - admin
[2019-12-28T18:32:37.818] [DEBUG] cheese - null
[2019-12-28T18:32:37.818] [DEBUG] cheese - null
[2019-12-28T18:33:07.943] [DEBUG] cheese - login => username:admin,password:1234566
[2019-12-28T18:33:07.943] [DEBUG] cheese - admin
[2019-12-28T18:33:07.945] [DEBUG] cheese - null
[2019-12-28T18:33:07.945] [DEBUG] cheese - null
[2019-12-28T18:33:10.335] [DEBUG] cheese - login => username:admin,password:123456
[2019-12-28T18:33:10.336] [DEBUG] cheese - admin
[2019-12-28T18:33:10.338] [DEBUG] cheese - null
[2019-12-28T18:33:10.338] [DEBUG] cheese - null
[2019-12-28T18:33:52.801] [DEBUG] cheese - login => username:213,password:321321321
[2019-12-28T18:33:52.801] [DEBUG] cheese - 213
[2019-12-28T18:33:52.804] [DEBUG] cheese - null
[2019-12-28T18:33:52.804] [DEBUG] cheese - null
[2019-12-28T18:33:59.623] [DEBUG] cheese - login => username:admin,password:123456
[2019-12-28T18:33:59.623] [DEBUG] cheese - admin
[2019-12-28T18:33:59.625] [DEBUG] cheese - null
[2019-12-28T18:33:59.626] [DEBUG] cheese - null
[2019-12-28T19:26:43.979] [DEBUG] cheese - login => username:ad3213,password:3213321321
[2019-12-28T19:26:43.979] [DEBUG] cheese - ad3213
[2019-12-28T19:26:43.983] [DEBUG] cheese - null
[2019-12-28T19:26:43.983] [DEBUG] cheese - null
[2019-12-28T19:26:48.271] [DEBUG] cheese - login => username:admin,password:123456
[2019-12-28T19:26:48.272] [DEBUG] cheese - admin
[2019-12-28T19:26:48.274] [DEBUG] cheese - null
[2019-12-28T19:26:48.274] [DEBUG] cheese - null
[2019-12-28T19:27:21.698] [DEBUG] cheese - login => username:admin,password:123456
[2019-12-28T19:27:21.698] [DEBUG] cheese - admin
[2019-12-28T19:27:21.701] [DEBUG] cheese - null
[2019-12-28T19:27:21.701] [DEBUG] cheese - null
[2019-12-28T19:28:44.780] [DEBUG] cheese - login => username:admin,password:123456
[2019-12-28T19:28:44.781] [DEBUG] cheese - admin
[2019-12-28T19:28:44.784] [DEBUG] cheese - null
[2019-12-28T19:28:44.784] [DEBUG] cheese - null
[2019-12-28T19:28:59.176] [DEBUG] cheese - login => username:admin,password:123456
[2019-12-28T19:28:59.176] [DEBUG] cheese - admin
[2019-12-28T19:28:59.179] [DEBUG] cheese - null
[2019-12-28T19:28:59.180] [DEBUG] cheese - null
[2019-12-28T19:32:27.029] [DEBUG] cheese - login => username:admin,password:1234565
[2019-12-28T19:32:27.029] [DEBUG] cheese - admin
[2019-12-28T19:32:27.032] [DEBUG] cheese - null
[2019-12-28T19:32:27.032] [DEBUG] cheese - null
[2019-12-28T19:32:30.074] [DEBUG] cheese - login => username:admin,password:123456
[2019-12-28T19:32:30.074] [DEBUG] cheese - admin
[2019-12-28T19:32:30.076] [DEBUG] cheese - null
[2019-12-28T19:32:30.077] [DEBUG] cheese - null
[2019-12-28T19:32:42.757] [DEBUG] cheese - login => username:admin,password:123456
[2019-12-28T19:32:42.758] [DEBUG] cheese - admin
[2019-12-28T19:32:42.761] [DEBUG] cheese - null
[2019-12-28T19:32:42.761] [DEBUG] cheese - null
[2019-12-28T19:36:11.462] [DEBUG] cheese - login => username:admin,password:123456
[2019-12-28T19:36:11.462] [DEBUG] cheese - admin
[2019-12-28T19:36:11.468] [DEBUG] cheese - null
[2019-12-28T19:36:11.468] [DEBUG] cheese - null
[2019-12-28T19:37:15.679] [DEBUG] cheese - login => username:admin,password:123456
[2019-12-28T19:37:15.679] [DEBUG] cheese - admin
[2019-12-28T19:37:15.682] [DEBUG] cheese - null
[2019-12-28T19:37:15.682] [DEBUG] cheese - null
[2019-12-28T19:38:51.757] [DEBUG] cheese - login => username:admin,password:123456
[2019-12-28T19:38:51.757] [DEBUG] cheese - admin
[2019-12-28T19:38:51.760] [DEBUG] cheese - null
[2019-12-28T19:38:51.760] [DEBUG] cheese - null
[2019-12-28T20:00:30.079] [DEBUG] cheese - login => username:sadsad,password:123123
[2019-12-28T20:00:30.080] [DEBUG] cheese - sadsad
[2019-12-28T20:00:30.090] [DEBUG] cheese - null
[2019-12-28T20:00:30.090] [DEBUG] cheese - null
[2019-12-28T20:00:43.333] [DEBUG] cheese - login => username:admin,password:123456
[2019-12-28T20:00:43.333] [DEBUG] cheese - admin
[2019-12-28T20:00:43.338] [DEBUG] cheese - null
[2019-12-28T20:00:43.338] [DEBUG] cheese - null
[2019-12-28T20:18:49.730] [DEBUG] cheese - login => username:admin,password:123456
[2019-12-28T20:18:49.731] [DEBUG] cheese - admin
[2019-12-28T20:18:49.734] [DEBUG] cheese - null
[2019-12-28T20:18:49.734] [DEBUG] cheese - null
[2019-12-28T20:21:40.924] [DEBUG] cheese - login => username:admin,password:123456
[2019-12-28T20:21:40.924] [DEBUG] cheese - admin
[2019-12-28T20:21:40.927] [DEBUG] cheese - null
[2019-12-28T20:21:40.927] [DEBUG] cheese - null
[2019-12-28T21:42:58.448] [DEBUG] cheese - login => username:321,password:321312
[2019-12-28T21:42:58.452] [DEBUG] cheese - 321
[2019-12-28T21:42:58.478] [DEBUG] cheese - null
[2019-12-28T21:42:58.479] [DEBUG] cheese - null
[2019-12-28T21:46:19.194] [DEBUG] cheese - login => username:123213,password:321312312
[2019-12-28T21:46:19.194] [DEBUG] cheese - 123213
[2019-12-28T21:46:19.199] [DEBUG] cheese - null
[2019-12-28T21:46:19.199] [DEBUG] cheese - null
[2019-12-28T21:48:45.181] [DEBUG] cheese - login => username:admin,password:123456
[2019-12-28T21:48:45.181] [DEBUG] cheese - admin
[2019-12-28T21:48:45.190] [DEBUG] cheese - null
[2019-12-28T21:48:45.190] [DEBUG] cheese - null
[2019-12-28T21:51:50.167] [DEBUG] cheese - login => username:admin,password:123456
[2019-12-28T21:51:50.167] [DEBUG] cheese - admin
[2019-12-28T21:51:50.171] [DEBUG] cheese - null
[2019-12-28T21:51:50.172] [DEBUG] cheese - null
[2019-12-28T21:59:48.270] [DEBUG] cheese - login => username:admin,password:123456
[2019-12-28T21:59:48.271] [DEBUG] cheese - admin
[2019-12-28T21:59:48.278] [DEBUG] cheese - null
[2019-12-28T21:59:48.278] [DEBUG] cheese - null
[2019-12-29T09:44:32.737] [DEBUG] cheese - login => username:admin,password:123456
[2019-12-29T09:44:32.739] [DEBUG] cheese - admin
[2019-12-29T09:44:32.840] [DEBUG] cheese - null
[2019-12-29T09:44:32.840] [DEBUG] cheese - null
[2019-12-29T10:10:29.276] [DEBUG] cheese - login => username:admin,password:123456
[2019-12-29T10:10:29.276] [DEBUG] cheese - admin
[2019-12-29T10:10:29.281] [DEBUG] cheese - null
[2019-12-29T10:10:29.281] [DEBUG] cheese - null
[2019-12-29T10:12:08.343] [DEBUG] cheese - login => username:admin,password:123456
[2019-12-29T10:12:08.343] [DEBUG] cheese - admin
[2019-12-29T10:12:08.347] [DEBUG] cheese - null
[2019-12-29T10:12:08.347] [DEBUG] cheese - null
[2019-12-29T10:18:32.707] [DEBUG] cheese - login => username:admin,password:123456
[2019-12-29T10:18:32.707] [DEBUG] cheese - admin
[2019-12-29T10:18:32.711] [DEBUG] cheese - null
[2019-12-29T10:18:32.711] [DEBUG] cheese - null
[2019-12-29T11:15:24.558] [DEBUG] cheese - login => username:admin,password:123456
[2019-12-29T11:15:24.558] [DEBUG] cheese - admin
[2019-12-29T11:15:24.561] [DEBUG] cheese - null
[2019-12-29T11:15:24.561] [DEBUG] cheese - null
[2019-12-29T14:20:58.940] [DEBUG] cheese - login => username:admin,password:123456
[2019-12-29T14:20:58.940] [DEBUG] cheese - admin
[2019-12-29T14:20:58.946] [DEBUG] cheese - null
[2019-12-29T14:20:58.946] [DEBUG] cheese - null
[2019-12-29T20:38:50.132] [DEBUG] cheese - login => username:小黑帅,password:123456
[2019-12-29T20:38:50.133] [DEBUG] cheese - 小黑帅
[2019-12-29T20:38:50.138] [DEBUG] cheese - null
[2019-12-29T20:38:50.138] [DEBUG] cheese - null
[2019-12-29T20:38:59.850] [DEBUG] cheese - login => username:小黑帅,password:123456
[2019-12-29T20:38:59.851] [DEBUG] cheese - 小黑帅
[2019-12-29T20:38:59.854] [DEBUG] cheese - null
[2019-12-29T20:38:59.854] [DEBUG] cheese - null
[2019-12-29T20:39:28.982] [DEBUG] cheese - login => username:小黑帅,password:123456
[2019-12-29T20:39:28.982] [DEBUG] cheese - 小黑帅
[2019-12-29T20:39:28.985] [DEBUG] cheese - null
[2019-12-29T20:39:28.986] [DEBUG] cheese - null
[2019-12-29T20:40:25.725] [DEBUG] cheese - login => username:小黑帅,password:123456
[2019-12-29T20:40:25.725] [DEBUG] cheese - 小黑帅
[2019-12-29T20:40:25.727] [DEBUG] cheese - null
[2019-12-29T20:40:25.727] [DEBUG] cheese - null
[2019-12-29T20:40:32.367] [DEBUG] cheese - login => username:admin,password:123456
[2019-12-29T20:40:32.367] [DEBUG] cheese - admin
[2019-12-29T20:40:32.369] [DEBUG] cheese - null
[2019-12-29T20:40:32.369] [DEBUG] cheese - null
[2019-12-29T20:40:44.591] [DEBUG] cheese - login => username:小黑帅,password:123456
[2019-12-29T20:40:44.591] [DEBUG] cheese - 小黑帅
[2019-12-29T20:40:44.594] [DEBUG] cheese - null
[2019-12-29T20:40:44.594] [DEBUG] cheese - null
[2019-12-29T20:40:53.361] [DEBUG] cheese - login => username:小黑帅,password:123456
[2019-12-29T20:40:53.361] [DEBUG] cheese - 小黑帅
[2019-12-29T20:40:53.365] [DEBUG] cheese - null
[2019-12-29T20:40:53.366] [DEBUG] cheese - null
[2019-12-29T20:40:57.603] [DEBUG] cheese - login => username:admin,password:123456
[2019-12-29T20:40:57.603] [DEBUG] cheese - admin
[2019-12-29T20:40:57.606] [DEBUG] cheese - null
[2019-12-29T20:40:57.606] [DEBUG] cheese - null
[2019-12-29T20:41:40.538] [DEBUG] cheese - login => username:小黑帅,password:1234567
[2019-12-29T20:41:40.538] [DEBUG] cheese - 小黑帅
[2019-12-29T20:41:40.542] [DEBUG] cheese - null
[2019-12-29T20:41:40.542] [DEBUG] cheese - null
[2019-12-29T20:41:53.172] [DEBUG] cheese - login => username:admin,password:123456
[2019-12-29T20:41:53.172] [DEBUG] cheese - admin
[2019-12-29T20:41:53.175] [DEBUG] cheese - null
[2019-12-29T20:41:53.175] [DEBUG] cheese - null
[2019-12-30T20:14:14.973] [DEBUG] cheese - login => username:admin,password:123456
[2019-12-30T20:14:14.975] [DEBUG] cheese - admin
[2019-12-30T20:14:15.491] [DEBUG] cheese - null
[2019-12-30T20:14:15.491] [DEBUG] cheese - null
[2019-12-30T22:54:52.395] [DEBUG] cheese - null
[2019-12-30T22:55:04.562] [DEBUG] cheese - null
[2019-12-30T23:06:48.027] [DEBUG] cheese - null
[2019-12-30T23:08:06.488] [DEBUG] cheese - null
[2019-12-30T23:08:37.930] [DEBUG] cheese - null
[2019-12-30T23:10:58.099] [DEBUG] cheese - null
[2019-12-30T23:12:50.927] [DEBUG] cheese - null
[2019-12-30T23:13:33.091] [DEBUG] cheese - null
[2019-12-31T11:30:00.389] [DEBUG] cheese - login => username:admin,password:1234567
[2019-12-31T11:30:00.391] [DEBUG] cheese - admin
[2019-12-31T11:30:00.500] [DEBUG] cheese - null
[2019-12-31T11:30:00.500] [DEBUG] cheese - null
[2019-12-31T11:30:05.078] [DEBUG] cheese - login => username:admin,password:123456
[2019-12-31T11:30:05.078] [DEBUG] cheese - admin
[2019-12-31T11:30:05.082] [DEBUG] cheese - null
[2019-12-31T11:30:05.082] [DEBUG] cheese - null
[2019-12-31T11:30:17.864] [DEBUG] cheese - null
[2019-12-31T11:30:36.184] [DEBUG] cheese - null
[2019-12-31T11:39:18.902] [DEBUG] cheese - null
[2019-12-31T11:39:23.687] [DEBUG] cheese - null
[2019-12-31T14:22:04.418] [DEBUG] cheese - login => username:admin,password:123456
[2019-12-31T14:22:04.421] [DEBUG] cheese - admin
[2019-12-31T14:22:04.439] [DEBUG] cheese - null
[2019-12-31T14:22:04.439] [DEBUG] cheese - null
[2019-12-31T14:26:21.697] [DEBUG] cheese - null
[2019-12-31T21:45:42.994] [DEBUG] cheese - login => username:admin,password:123456
[2019-12-31T21:45:43.001] [DEBUG] cheese - admin
[2019-12-31T21:45:43.034] [DEBUG] cheese - null
[2019-12-31T21:45:43.035] [DEBUG] cheese - null
[2020-01-02T10:21:55.155] [DEBUG] cheese - login => username:admin,password:123456
[2020-01-02T10:21:55.159] [DEBUG] cheese - admin
[2020-01-02T10:21:55.266] [DEBUG] cheese - null
[2020-01-02T10:21:55.266] [DEBUG] cheese - null
[2020-01-03T18:04:51.308] [DEBUG] cheese - login => username:admin,password:123456
[2020-01-03T18:04:51.311] [DEBUG] cheese - admin
[2020-01-03T18:04:51.554] [DEBUG] cheese - null
[2020-01-03T18:04:51.555] [DEBUG] cheese - null
[2020-01-04T10:58:58.887] [DEBUG] cheese - login => username:admin,password:123456
[2020-01-04T10:58:58.891] [DEBUG] cheese - admin
[2020-01-04T10:58:58.907] [DEBUG] cheese - null
[2020-01-04T10:58:58.908] [DEBUG] cheese - null
[2020-01-04T16:38:36.206] [DEBUG] cheese - login => username:admin,password:123456
[2020-01-04T16:38:36.206] [DEBUG] cheese - admin
[2020-01-04T16:38:36.209] [DEBUG] cheese - null
[2020-01-04T16:38:36.209] [DEBUG] cheese - null
[2020-01-12T15:59:26.668] [DEBUG] cheese - login => username:admin,password:123456
[2020-01-12T15:59:26.671] [DEBUG] cheese - admin
[2020-01-12T15:59:27.026] [DEBUG] cheese - null
[2020-01-12T15:59:27.026] [DEBUG] cheese - null
[2020-01-13T10:20:59.875] [DEBUG] cheese - login => username:admin,password:123456
[2020-01-13T10:20:59.877] [DEBUG] cheese - admin
[2020-01-13T10:20:59.911] [DEBUG] cheese - null
[2020-01-13T10:20:59.911] [DEBUG] cheese - null
